-------------------------------------------------------------------------------
Test set: com.example.shop_service.ShopServiceApplicationTests
-------------------------------------------------------------------------------
Tests run: 3, Failures: 0, Errors: 3, Skipped: 0, Time elapsed: 5.256 s <<< FAILURE! - in com.example.shop_service.ShopServiceApplicationTests
testGetOrder  Time elapsed: 0.197 s  <<< ERROR!
org.springframework.dao.InvalidDataAccessResourceUsageException: could not prepare statement; SQL [select order0_.id as id1_0_ from order order0_]; nested exception is org.hibernate.exception.SQLGrammarException: could not prepare statement
	at com.example.shop_service.ShopServiceApplicationTests.setUp(ShopServiceApplicationTests.java:38)
Caused by: org.hibernate.exception.SQLGrammarException: could not prepare statement
	at com.example.shop_service.ShopServiceApplicationTests.setUp(ShopServiceApplicationTests.java:38)
Caused by: org.h2.jdbc.JdbcSQLSyntaxErrorException: 
Syntax error in SQL statement "SELECT ORDER0_.ID AS ID1_0_ FROM ORDER[*] ORDER0_"; expected "identifier"; SQL statement:
select order0_.id as id1_0_ from order order0_ [42001-200]
	at com.example.shop_service.ShopServiceApplicationTests.setUp(ShopServiceApplicationTests.java:38)

testCreateOrder  Time elapsed: 0.001 s  <<< ERROR!
org.springframework.dao.InvalidDataAccessResourceUsageException: could not prepare statement; SQL [select order0_.id as id1_0_ from order order0_]; nested exception is org.hibernate.exception.SQLGrammarException: could not prepare statement
	at com.example.shop_service.ShopServiceApplicationTests.setUp(ShopServiceApplicationTests.java:38)
Caused by: org.hibernate.exception.SQLGrammarException: could not prepare statement
	at com.example.shop_service.ShopServiceApplicationTests.setUp(ShopServiceApplicationTests.java:38)
Caused by: org.h2.jdbc.JdbcSQLSyntaxErrorException: 
Syntax error in SQL statement "SELECT ORDER0_.ID AS ID1_0_ FROM ORDER[*] ORDER0_"; expected "identifier"; SQL statement:
select order0_.id as id1_0_ from order order0_ [42001-200]
	at com.example.shop_service.ShopServiceApplicationTests.setUp(ShopServiceApplicationTests.java:38)

testGetOrderNotFound  Time elapsed: 0.007 s  <<< ERROR!
org.springframework.dao.InvalidDataAccessResourceUsageException: could not prepare statement; SQL [select order0_.id as id1_0_ from order order0_]; nested exception is org.hibernate.exception.SQLGrammarException: could not prepare statement
	at com.example.shop_service.ShopServiceApplicationTests.setUp(ShopServiceApplicationTests.java:38)
Caused by: org.hibernate.exception.SQLGrammarException: could not prepare statement
	at com.example.shop_service.ShopServiceApplicationTests.setUp(ShopServiceApplicationTests.java:38)
Caused by: org.h2.jdbc.JdbcSQLSyntaxErrorException: 
Syntax error in SQL statement "SELECT ORDER0_.ID AS ID1_0_ FROM ORDER[*] ORDER0_"; expected "identifier"; SQL statement:
select order0_.id as id1_0_ from order order0_ [42001-200]
	at com.example.shop_service.ShopServiceApplicationTests.setUp(ShopServiceApplicationTests.java:38)

